0 info it worked if it ends with ok
1 verbose cli [ 'node', '/usr/local/bin/npm', 'install', '-g', 'n' ]
2 info using npm@2.9.1
3 info using node@v0.12.3
4 verbose install initial load of /usr/local/lib/package.json
5 verbose readDependencies loading dependencies from /usr/local/lib/package.json
6 silly cache add args [ 'n', null ]
7 verbose cache add spec n
8 silly cache add parsed spec { raw: 'n',
8 silly cache add   scope: null,
8 silly cache add   name: 'n',
8 silly cache add   rawSpec: '',
8 silly cache add   spec: '*',
8 silly cache add   type: 'range' }
9 silly addNamed n@*
10 verbose addNamed "*" is a valid semver range for n
11 silly addNameRange { name: 'n', range: '*', hasData: false }
12 silly mapToRegistry name n
13 silly mapToRegistry using default registry
14 silly mapToRegistry registry https://registry.npmjs.org/
15 silly mapToRegistry uri https://registry.npmjs.org/n
16 verbose addNameRange registry:https://registry.npmjs.org/n not in flight; fetching
17 verbose request uri https://registry.npmjs.org/n
18 verbose request no auth needed
19 info attempt registry request try #1 at 13:57:37
20 verbose request id b35f8fe2bd1d7051
21 http request GET https://registry.npmjs.org/n
22 http 200 https://registry.npmjs.org/n
23 silly get cb [ 200,
23 silly get   { server: 'CouchDB/1.5.0 (Erlang OTP/R16B03)',
23 silly get     etag: '"A6DLH7V5AU2GX4ZWDFIR89JJE"',
23 silly get     'content-type': 'application/json',
23 silly get     'cache-control': 'max-age=60',
23 silly get     'content-length': '47819',
23 silly get     'accept-ranges': 'bytes',
23 silly get     date: 'Wed, 29 Jul 2015 05:57:38 GMT',
23 silly get     via: '1.1 varnish',
23 silly get     age: '0',
23 silly get     connection: 'keep-alive',
23 silly get     'x-served-by': 'cache-nrt6135-NRT',
23 silly get     'x-cache': 'HIT',
23 silly get     'x-cache-hits': '1',
23 silly get     'x-timer': 'S1438149458.218699,VS0,VE185',
23 silly get     vary: 'Accept' } ]
24 verbose get saving n to /Users/yaobin/.npm/registry.npmjs.org/n/.cache.json
25 verbose getCacheStat cache creation not in flight; initializing
26 silly addNameRange number 2 { name: 'n', range: '*', hasData: true }
27 silly addNameRange versions [ 'n',
27 silly addNameRange   [ '0.0.1',
27 silly addNameRange     '0.0.2',
27 silly addNameRange     '0.0.3',
27 silly addNameRange     '0.0.4',
27 silly addNameRange     '0.1.0',
27 silly addNameRange     '0.1.1',
27 silly addNameRange     '0.1.2',
27 silly addNameRange     '0.2.0',
27 silly addNameRange     '0.2.1',
27 silly addNameRange     '0.2.2',
27 silly addNameRange     '0.3.0',
27 silly addNameRange     '0.4.0',
27 silly addNameRange     '0.4.1',
27 silly addNameRange     '0.4.2',
27 silly addNameRange     '0.5.0',
27 silly addNameRange     '0.5.1',
27 silly addNameRange     '0.5.2',
27 silly addNameRange     '0.5.3',
27 silly addNameRange     '0.5.4',
27 silly addNameRange     '0.6.0',
27 silly addNameRange     '0.6.1',
27 silly addNameRange     '0.7.0',
27 silly addNameRange     '0.7.1',
27 silly addNameRange     '0.7.2',
27 silly addNameRange     '0.7.3',
27 silly addNameRange     '0.8.0',
27 silly addNameRange     '0.8.1',
27 silly addNameRange     '0.8.2',
27 silly addNameRange     '0.9.0',
27 silly addNameRange     '0.9.1',
27 silly addNameRange     '0.9.2',
27 silly addNameRange     '0.9.3',
27 silly addNameRange     '1.0.0',
27 silly addNameRange     '1.1.0',
27 silly addNameRange     '1.2.1',
27 silly addNameRange     '1.2.2',
27 silly addNameRange     '1.2.3',
27 silly addNameRange     '1.2.4',
27 silly addNameRange     '1.2.5',
27 silly addNameRange     '1.2.6',
27 silly addNameRange     '1.2.7',
27 silly addNameRange     '1.2.8',
27 silly addNameRange     '1.2.9',
27 silly addNameRange     '1.2.11',
27 silly addNameRange     '1.2.13',
27 silly addNameRange     '1.2.14',
27 silly addNameRange     '1.3.0',
27 silly addNameRange     '1.4.0',
27 silly addNameRange     '2.0.0',
27 silly addNameRange     '1.4.1',
27 silly addNameRange     '2.0.1' ] ]
28 silly addNamed n@2.0.1
29 verbose addNamed "2.0.1" is a plain semver version for n
30 silly mapToRegistry name n
31 silly mapToRegistry using default registry
32 silly mapToRegistry registry https://registry.npmjs.org/
33 silly mapToRegistry uri https://registry.npmjs.org/n
34 verbose addRemoteTarball https://registry.npmjs.org/n/-/n-2.0.1.tgz not in flight; adding
35 verbose addRemoteTarball [ 'https://registry.npmjs.org/n/-/n-2.0.1.tgz',
35 verbose addRemoteTarball   'b327196797e9cd2d48f6d1fe6a8191ec4a92c4c1' ]
36 info retry fetch attempt 1 at 13:57:39
37 info attempt registry request try #1 at 13:57:39
38 http fetch GET https://registry.npmjs.org/n/-/n-2.0.1.tgz
39 http fetch 200 https://registry.npmjs.org/n/-/n-2.0.1.tgz
40 silly fetchAndShaCheck shasum b327196797e9cd2d48f6d1fe6a8191ec4a92c4c1
41 verbose addTmpTarball /var/folders/r3/kgkhh_gx6jg449zhwmg0w9wh0000gn/T/npm-975-1b317e81/registry.npmjs.org/n/-/n-2.0.1.tgz not in flight; adding
42 verbose addTmpTarball already have metadata; skipping unpack for n@2.0.1
43 silly cache afterAdd n@2.0.1
44 verbose afterAdd /Users/yaobin/.npm/n/2.0.1/package/package.json not in flight; writing
45 verbose afterAdd /Users/yaobin/.npm/n/2.0.1/package/package.json written
46 silly install resolved [ { name: 'n',
46 silly install resolved     description: 'node version manager',
46 silly install resolved     version: '2.0.1',
46 silly install resolved     author: { name: 'TJ Holowaychuk', email: 'tj@vision-media.ca' },
46 silly install resolved     homepage: 'https://github.com/tj/n',
46 silly install resolved     bugs: { url: 'https://github.com/tj/n/issues' },
46 silly install resolved     contributors: [ [Object] ],
46 silly install resolved     keywords:
46 silly install resolved      [ 'nvm',
46 silly install resolved        'node',
46 silly install resolved        'version',
46 silly install resolved        'manager',
46 silly install resolved        'switcher',
46 silly install resolved        'node',
46 silly install resolved        'binary',
46 silly install resolved        'env' ],
46 silly install resolved     bin: { n: './bin/n' },
46 silly install resolved     repository: { type: 'git', url: 'git://github.com/tj/n.git' },
46 silly install resolved     preferGlobal: true,
46 silly install resolved     os: [ '!win32' ],
46 silly install resolved     engines: { node: '*' },
46 silly install resolved     license: 'MIT',
46 silly install resolved     gitHead: '2a400cc83570535d0f5aa9f4dbae793095abc31f',
46 silly install resolved     _id: 'n@2.0.1',
46 silly install resolved     scripts: {},
46 silly install resolved     _shasum: 'b327196797e9cd2d48f6d1fe6a8191ec4a92c4c1',
46 silly install resolved     _from: 'n@*',
46 silly install resolved     _npmVersion: '2.11.3',
46 silly install resolved     _nodeVersion: '0.12.7',
46 silly install resolved     _npmUser: { name: 'maxrimue', email: 'max.rittmueller@gmail.com' },
46 silly install resolved     dist:
46 silly install resolved      { shasum: 'b327196797e9cd2d48f6d1fe6a8191ec4a92c4c1',
46 silly install resolved        tarball: 'http://registry.npmjs.org/n/-/n-2.0.1.tgz' },
46 silly install resolved     maintainers: [ [Object], [Object], [Object], [Object], [Object], [Object] ],
46 silly install resolved     directories: {},
46 silly install resolved     _resolved: 'https://registry.npmjs.org/n/-/n-2.0.1.tgz' } ]
47 info install n@2.0.1 into /usr/local/lib
48 info installOne n@2.0.1
49 verbose installOne of n to /usr/local/lib not in flight; installing
50 verbose lock using /Users/yaobin/.npm/_locks/n-a01478239d85533e.lock for /usr/local/lib/node_modules/n
51 silly install write writing n 2.0.1 to /usr/local/lib/node_modules/n
52 verbose unbuild lib/node_modules/n
53 silly gentlyRm /usr/local/lib/node_modules/n is being purged from base /usr/local
54 verbose gentlyRm don't care about contents; nuking /usr/local/lib/node_modules/n
55 verbose tar unpack /Users/yaobin/.npm/n/2.0.1/package.tgz
56 verbose tar unpacking to /usr/local/lib/node_modules/n
57 silly gentlyRm /usr/local/lib/node_modules/n is being purged
58 verbose gentlyRm don't care about contents; nuking /usr/local/lib/node_modules/n
59 silly gunzTarPerm modes [ '755', '644' ]
60 error tar.unpack untar error /Users/yaobin/.npm/n/2.0.1/package.tgz
61 verbose unlock done using /Users/yaobin/.npm/_locks/n-a01478239d85533e.lock for /usr/local/lib/node_modules/n
62 verbose fstream_path /usr/local/lib/node_modules/n
63 verbose fstream_type Directory
64 verbose fstream_class DirWriter
65 verbose stack Error: EACCES, mkdir '/usr/local/lib/node_modules/n'
65 verbose stack     at Error (native)
66 verbose fstream_stack /usr/local/lib/node_modules/npm/node_modules/fstream/lib/dir-writer.js:36:23
66 verbose fstream_stack /usr/local/lib/node_modules/npm/node_modules/mkdirp/index.js:46:53
66 verbose fstream_stack FSReqWrap.oncomplete (fs.js:95:15)
67 verbose cwd /www/funmall
68 error Darwin 14.1.0
69 error argv "node" "/usr/local/bin/npm" "install" "-g" "n"
70 error node v0.12.3
71 error npm  v2.9.1
72 error path /usr/local/lib/node_modules/n
73 error code EACCES
74 error errno -13
75 error Error: EACCES, mkdir '/usr/local/lib/node_modules/n'
75 error     at Error (native)
75 error  { [Error: EACCES, mkdir '/usr/local/lib/node_modules/n']
75 error   errno: -13,
75 error   code: 'EACCES',
75 error   path: '/usr/local/lib/node_modules/n',
75 error   fstream_type: 'Directory',
75 error   fstream_path: '/usr/local/lib/node_modules/n',
75 error   fstream_class: 'DirWriter',
75 error   fstream_stack:
75 error    [ '/usr/local/lib/node_modules/npm/node_modules/fstream/lib/dir-writer.js:36:23',
75 error      '/usr/local/lib/node_modules/npm/node_modules/mkdirp/index.js:46:53',
75 error      'FSReqWrap.oncomplete (fs.js:95:15)' ] }
76 error Please try running this command again as root/Administrator.
77 verbose exit [ -13, true ]
78 verbose unbuild lib/node_modules/n
79 silly gentlyRm /usr/local/lib/node_modules/n is being purged from base /usr/local
80 verbose gentlyRm don't care about contents; nuking /usr/local/lib/node_modules/n
